<?xml version='1.1' encoding='UTF-8'?>
<result plugin="junit@1.49">
  <suites>
    <suite>
      <file>/home/workspace/Panda_application/target/surefire-reports/TEST-pl.pandait.panda.PandaApplicationTests.xml</file>
      <name>pl.pandait.panda.PandaApplicationTests</name>
      <duration>2.551</duration>
      <time>2.551</time>
      <nodeId>21</nodeId>
      <enclosingBlocks>
        <string>14</string>
      </enclosingBlocks>
      <enclosingBlockNames>
        <string>Build</string>
      </enclosingBlockNames>
      <cases>
        <case>
          <duration>0.319</duration>
          <className>pl.pandait.panda.PandaApplicationTests</className>
          <testName>contextLoads</testName>
          <skipped>false</skipped>
          <failedSince>0</failedSince>
        </case>
      </cases>
    </suite>
  </suites>
  <duration>2.551</duration>
  <keepLongStdio>false</keepLongStdio>
</result>